C51 COMPILER V9.60.7.0   MPMC_MINI_PROJECT                                                 04/03/2024 20:18:17 PAGE 1   


C51 COMPILER V9.60.7.0, COMPILATION OF MODULE MPMC_MINI_PROJECT
OBJECT MODULE PLACED IN .\Objects\MPMC_Mini_Project.obj
COMPILER INVOKED BY: C:\Keil_v5\C51\BIN\C51.EXE MPMC_Mini_Project.C OPTIMIZE(8,SPEED) BROWSE DEBUG OBJECTEXTEND PRINT(.\
                    -Listings\MPMC_Mini_Project.lst) TABS(2) OBJECT(.\Objects\MPMC_Mini_Project.obj)

line level    source

   1          #include<reg51.h>
   2          sbit load1=P1^0;
   3          sbit load2=P1^1;
   4          sbit load3=P1^2;
   5          sbit load4=P1^3;
   6          
   7          void main() {
   8   1      unsigned char x;
   9   1      SCON=0X50;
  10   1      TMOD=0X20;
  11   1      TH1=-3; // baud rate 9600
  12   1      TR1=1;
  13   1        
  14   1      while (1) {
  15   2        while(RI==0);
  16   2        x=SBUF;
  17   2        SBUF=x;
  18   2        while(TI==0);
  19   2        // TI=0;
  20   2        // RI=0;
  21   2        if(x=='1')
  22   2        {
  23   3        load1=1; // load1 off
  24   3        }
  25   2        if(x=='2')
  26   2        {
  27   3        load1=0; // load1 on
  28   3        }
  29   2        if(x=='3')
  30   2        {
  31   3        load2=1; // load2 off
  32   3        }
  33   2        if(x=='4')
  34   2        {
  35   3        load2=0; // load2 on
  36   3        }
  37   2        if(x=='5') 
  38   2        {
  39   3        load3=1; // load3 off
  40   3        }
  41   2        if(x=='6')
  42   2        {
  43   3        load3=0; // load3 on
  44   3        }
  45   2        if(x=='7')
  46   2        {
  47   3        load4=1; // load4 off
  48   3        }
  49   2        if(x=='8'){
  50   3        load4=0; // load4 on
  51   3        }
  52   2        if(x=='9')
  53   2        {
  54   3        load1=load2=load3=load4=1; // all loads off
C51 COMPILER V9.60.7.0   MPMC_MINI_PROJECT                                                 04/03/2024 20:18:17 PAGE 2   

  55   3        }
  56   2        if(x=='0')
  57   2        {
  58   3        load1=load2=load3=load4=0; // all loads on
  59   3        }
  60   2      }
  61   1      }


MODULE INFORMATION:   STATIC OVERLAYABLE
   CODE SIZE        =     85    ----
   CONSTANT SIZE    =   ----    ----
   XDATA SIZE       =   ----    ----
   PDATA SIZE       =   ----    ----
   DATA SIZE        =   ----    ----
   IDATA SIZE       =   ----    ----
   BIT SIZE         =   ----    ----
END OF MODULE INFORMATION.


C51 COMPILATION COMPLETE.  0 WARNING(S),  0 ERROR(S)
